  main.cpp
C:\Users\Win10Pro\Desktop\ЯП\Calculator\Calculator\Calculator\resourse.h(134,22): warning C4018: <: несоответствие типов со знаком и без знака
C:\Users\Win10Pro\Desktop\ЯП\Calculator\Calculator\Calculator\resourse.h(181,36): warning C4244: =: преобразование "double" в "int", возможна потеря данных
C:\Users\Win10Pro\Desktop\ЯП\Calculator\Calculator\Calculator\resourse.h(393,22): warning C4018: <: несоответствие типов со знаком и без знака
C:\Users\Win10Pro\Desktop\ЯП\Calculator\Calculator\Calculator\resourse.h(440,35): warning C4244: =: преобразование "double" в "int", возможна потеря данных
C:\Users\Win10Pro\Desktop\ЯП\Calculator\Calculator\Calculator\resourse.h(572,29): warning C4244: +=: преобразование "double" в "int", возможна потеря данных
C:\Users\Win10Pro\Desktop\ЯП\Calculator\Calculator\Calculator\resourse.h(236,7): warning C4101: arrt_BIN: неиспользованная локальная переменная
C:\Users\Win10Pro\Desktop\ЯП\Calculator\Calculator\Calculator\resourse.h(369,7): warning C4101: arrt_BIN: неиспользованная локальная переменная
C:\Users\Win10Pro\Desktop\ЯП\Calculator\Calculator\Calculator\resourse.h(532,7): warning C4101: arrt_BIN: неиспользованная локальная переменная
C:\Users\Win10Pro\Desktop\ЯП\Calculator\Calculator\Calculator\main.cpp(93,83): warning C4244: аргумент: преобразование "double" в "int", возможна потеря данных
C:\Users\Win10Pro\Desktop\ЯП\Calculator\Calculator\Calculator\main.cpp(96,62): warning C4244: аргумент: преобразование "double" в "int", возможна потеря данных
C:\Users\Win10Pro\Desktop\ЯП\Calculator\Calculator\Calculator\main.cpp(97,66): warning C4244: аргумент: преобразование "double" в "int", возможна потеря данных
C:\Users\Win10Pro\Desktop\ЯП\Calculator\Calculator\Calculator\main.cpp(97,48): warning C4244: аргумент: преобразование "double" в "int", возможна потеря данных
C:\Users\Win10Pro\Desktop\ЯП\Calculator\Calculator\Calculator\main.cpp(98,66): warning C4244: аргумент: преобразование "double" в "int", возможна потеря данных
C:\Users\Win10Pro\Desktop\ЯП\Calculator\Calculator\Calculator\main.cpp(98,49): warning C4244: аргумент: преобразование "double" в "int", возможна потеря данных
C:\Users\Win10Pro\Desktop\ЯП\Calculator\Calculator\Calculator\main.cpp(99,69): warning C4244: аргумент: преобразование "double" в "int", возможна потеря данных
C:\Users\Win10Pro\Desktop\ЯП\Calculator\Calculator\Calculator\main.cpp(99,51): warning C4244: аргумент: преобразование "double" в "int", возможна потеря данных
C:\Users\Win10Pro\Desktop\ЯП\Calculator\Calculator\Calculator\main.cpp(101,60): warning C4244: аргумент: преобразование "double" в "int", возможна потеря данных
C:\Users\Win10Pro\Desktop\ЯП\Calculator\Calculator\Calculator\main.cpp(102,63): warning C4244: аргумент: преобразование "double" в "int", возможна потеря данных
C:\Users\Win10Pro\Desktop\ЯП\Calculator\Calculator\Calculator\main.cpp(102,45): warning C4244: аргумент: преобразование "double" в "int", возможна потеря данных
C:\Users\Win10Pro\Desktop\ЯП\Calculator\Calculator\Calculator\main.cpp(103,62): warning C4244: аргумент: преобразование "double" в "int", возможна потеря данных
C:\Users\Win10Pro\Desktop\ЯП\Calculator\Calculator\Calculator\main.cpp(103,45): warning C4244: аргумент: преобразование "double" в "int", возможна потеря данных
C:\Users\Win10Pro\Desktop\ЯП\Calculator\Calculator\Calculator\main.cpp(104,66): warning C4244: аргумент: преобразование "double" в "int", возможна потеря данных
C:\Users\Win10Pro\Desktop\ЯП\Calculator\Calculator\Calculator\main.cpp(104,48): warning C4244: аргумент: преобразование "double" в "int", возможна потеря данных
C:\Users\Win10Pro\Desktop\ЯП\Calculator\Calculator\Calculator\main.cpp(106,60): warning C4244: аргумент: преобразование "double" в "int", возможна потеря данных
C:\Users\Win10Pro\Desktop\ЯП\Calculator\Calculator\Calculator\main.cpp(107,63): warning C4244: аргумент: преобразование "double" в "int", возможна потеря данных
C:\Users\Win10Pro\Desktop\ЯП\Calculator\Calculator\Calculator\main.cpp(107,45): warning C4244: аргумент: преобразование "double" в "int", возможна потеря данных
C:\Users\Win10Pro\Desktop\ЯП\Calculator\Calculator\Calculator\main.cpp(108,62): warning C4244: аргумент: преобразование "double" в "int", возможна потеря данных
C:\Users\Win10Pro\Desktop\ЯП\Calculator\Calculator\Calculator\main.cpp(108,45): warning C4244: аргумент: преобразование "double" в "int", возможна потеря данных
C:\Users\Win10Pro\Desktop\ЯП\Calculator\Calculator\Calculator\main.cpp(109,67): warning C4244: аргумент: преобразование "double" в "int", возможна потеря данных
C:\Users\Win10Pro\Desktop\ЯП\Calculator\Calculator\Calculator\main.cpp(109,49): warning C4244: аргумент: преобразование "double" в "int", возможна потеря данных
C:\Users\Win10Pro\Desktop\ЯП\Calculator\Calculator\Calculator\main.cpp(111,60): warning C4244: аргумент: преобразование "double" в "int", возможна потеря данных
C:\Users\Win10Pro\Desktop\ЯП\Calculator\Calculator\Calculator\main.cpp(112,63): warning C4244: аргумент: преобразование "double" в "int", возможна потеря данных
C:\Users\Win10Pro\Desktop\ЯП\Calculator\Calculator\Calculator\main.cpp(112,45): warning C4244: аргумент: преобразование "double" в "int", возможна потеря данных
C:\Users\Win10Pro\Desktop\ЯП\Calculator\Calculator\Calculator\main.cpp(113,62): warning C4244: аргумент: преобразование "double" в "int", возможна потеря данных
C:\Users\Win10Pro\Desktop\ЯП\Calculator\Calculator\Calculator\main.cpp(113,45): warning C4244: аргумент: преобразование "double" в "int", возможна потеря данных
C:\Users\Win10Pro\Desktop\ЯП\Calculator\Calculator\Calculator\main.cpp(114,70): warning C4244: аргумент: преобразование "double" в "int", возможна потеря данных
C:\Users\Win10Pro\Desktop\ЯП\Calculator\Calculator\Calculator\main.cpp(114,52): warning C4244: аргумент: преобразование "double" в "int", возможна потеря данных
C:\Users\Win10Pro\Desktop\ЯП\Calculator\Calculator\Calculator\main.cpp(116,71): warning C4244: аргумент: преобразование "double" в "int", возможна потеря данных
C:\Users\Win10Pro\Desktop\ЯП\Calculator\Calculator\Calculator\main.cpp(117,63): warning C4244: аргумент: преобразование "double" в "int", возможна потеря данных
C:\Users\Win10Pro\Desktop\ЯП\Calculator\Calculator\Calculator\main.cpp(117,45): warning C4244: аргумент: преобразование "double" в "int", возможна потеря данных
C:\Users\Win10Pro\Desktop\ЯП\Calculator\Calculator\Calculator\main.cpp(118,63): warning C4244: аргумент: преобразование "double" в "int", возможна потеря данных
C:\Users\Win10Pro\Desktop\ЯП\Calculator\Calculator\Calculator\main.cpp(118,46): warning C4244: аргумент: преобразование "double" в "int", возможна потеря данных
C:\Users\Win10Pro\Desktop\ЯП\Calculator\Calculator\Calculator\main.cpp(119,69): warning C4244: аргумент: преобразование "double" в "int", возможна потеря данных
C:\Users\Win10Pro\Desktop\ЯП\Calculator\Calculator\Calculator\main.cpp(119,51): warning C4244: аргумент: преобразование "double" в "int", возможна потеря данных
C:\Users\Win10Pro\Desktop\ЯП\Calculator\Calculator\Calculator\main.cpp(121,66): warning C4244: аргумент: преобразование "double" в "int", возможна потеря данных
C:\Users\Win10Pro\Desktop\ЯП\Calculator\Calculator\Calculator\main.cpp(122,68): warning C4244: аргумент: преобразование "double" в "int", возможна потеря данных
C:\Users\Win10Pro\Desktop\ЯП\Calculator\Calculator\Calculator\main.cpp(122,50): warning C4244: аргумент: преобразование "double" в "int", возможна потеря данных
C:\Users\Win10Pro\Desktop\ЯП\Calculator\Calculator\Calculator\main.cpp(123,68): warning C4244: аргумент: преобразование "double" в "int", возможна потеря данных
C:\Users\Win10Pro\Desktop\ЯП\Calculator\Calculator\Calculator\main.cpp(123,51): warning C4244: аргумент: преобразование "double" в "int", возможна потеря данных
C:\Users\Win10Pro\Desktop\ЯП\Calculator\Calculator\Calculator\main.cpp(124,75): warning C4244: аргумент: преобразование "double" в "int", возможна потеря данных
C:\Users\Win10Pro\Desktop\ЯП\Calculator\Calculator\Calculator\main.cpp(124,57): warning C4244: аргумент: преобразование "double" в "int", возможна потеря данных
C:\Users\Win10Pro\Desktop\ЯП\Calculator\Calculator\Calculator\main.cpp(128,101): warning C4244: аргумент: преобразование "double" в "int", возможна потеря данных
C:\Users\Win10Pro\Desktop\ЯП\Calculator\Calculator\Calculator\main.cpp(128,72): warning C4244: аргумент: преобразование "double" в "int", возможна потеря данных
C:\Users\Win10Pro\Desktop\ЯП\Calculator\Calculator\Calculator\main.cpp(128,49): warning C4244: аргумент: преобразование "double" в "int", возможна потеря данных
C:\Users\Win10Pro\Desktop\ЯП\Calculator\Calculator\Calculator\main.cpp(129,76): warning C4244: аргумент: преобразование "double" в "int", возможна потеря данных
C:\Users\Win10Pro\Desktop\ЯП\Calculator\Calculator\Calculator\main.cpp(129,53): warning C4244: аргумент: преобразование "double" в "int", возможна потеря данных
C:\Users\Win10Pro\Desktop\ЯП\Calculator\Calculator\Calculator\main.cpp(131,89): warning C4244: аргумент: преобразование "double" в "int", возможна потеря данных
C:\Users\Win10Pro\Desktop\ЯП\Calculator\Calculator\Calculator\main.cpp(131,59): warning C4244: аргумент: преобразование "double" в "int", возможна потеря данных
C:\Users\Win10Pro\Desktop\ЯП\Calculator\Calculator\Calculator\main.cpp(132,87): warning C4244: аргумент: преобразование "double" в "int", возможна потеря данных
C:\Users\Win10Pro\Desktop\ЯП\Calculator\Calculator\Calculator\main.cpp(132,57): warning C4244: аргумент: преобразование "double" в "int", возможна потеря данных
C:\Users\Win10Pro\Desktop\ЯП\Calculator\Calculator\Calculator\main.cpp(133,86): warning C4244: аргумент: преобразование "double" в "int", возможна потеря данных
C:\Users\Win10Pro\Desktop\ЯП\Calculator\Calculator\Calculator\main.cpp(133,56): warning C4244: аргумент: преобразование "double" в "int", возможна потеря данных
C:\Users\Win10Pro\Desktop\ЯП\Calculator\Calculator\Calculator\main.cpp(134,84): warning C4244: аргумент: преобразование "double" в "int", возможна потеря данных
C:\Users\Win10Pro\Desktop\ЯП\Calculator\Calculator\Calculator\main.cpp(134,54): warning C4244: аргумент: преобразование "double" в "int", возможна потеря данных
C:\Users\Win10Pro\Desktop\ЯП\Calculator\Calculator\Calculator\main.cpp(135,78): warning C4244: аргумент: преобразование "double" в "int", возможна потеря данных
C:\Users\Win10Pro\Desktop\ЯП\Calculator\Calculator\Calculator\main.cpp(137,86): warning C4244: аргумент: преобразование "double" в "int", возможна потеря данных
C:\Users\Win10Pro\Desktop\ЯП\Calculator\Calculator\Calculator\main.cpp(137,56): warning C4244: аргумент: преобразование "double" в "int", возможна потеря данных
C:\Users\Win10Pro\Desktop\ЯП\Calculator\Calculator\Calculator\main.cpp(138,83): warning C4244: аргумент: преобразование "double" в "int", возможна потеря данных
C:\Users\Win10Pro\Desktop\ЯП\Calculator\Calculator\Calculator\main.cpp(138,53): warning C4244: аргумент: преобразование "double" в "int", возможна потеря данных
C:\Users\Win10Pro\Desktop\ЯП\Calculator\Calculator\Calculator\main.cpp(139,83): warning C4244: аргумент: преобразование "double" в "int", возможна потеря данных
C:\Users\Win10Pro\Desktop\ЯП\Calculator\Calculator\Calculator\main.cpp(139,53): warning C4244: аргумент: преобразование "double" в "int", возможна потеря данных
C:\Users\Win10Pro\Desktop\ЯП\Calculator\Calculator\Calculator\main.cpp(140,83): warning C4244: аргумент: преобразование "double" в "int", возможна потеря данных
C:\Users\Win10Pro\Desktop\ЯП\Calculator\Calculator\Calculator\main.cpp(140,53): warning C4244: аргумент: преобразование "double" в "int", возможна потеря данных
C:\Users\Win10Pro\Desktop\ЯП\Calculator\Calculator\Calculator\main.cpp(141,83): warning C4244: аргумент: преобразование "double" в "int", возможна потеря данных
C:\Users\Win10Pro\Desktop\ЯП\Calculator\Calculator\Calculator\main.cpp(141,55): warning C4244: аргумент: преобразование "double" в "int", возможна потеря данных
C:\Users\Win10Pro\Desktop\ЯП\Calculator\Calculator\Calculator\main.cpp(143,87): warning C4244: аргумент: преобразование "double" в "int", возможна потеря данных
C:\Users\Win10Pro\Desktop\ЯП\Calculator\Calculator\Calculator\main.cpp(143,57): warning C4244: аргумент: преобразование "double" в "int", возможна потеря данных
C:\Users\Win10Pro\Desktop\ЯП\Calculator\Calculator\Calculator\main.cpp(144,83): warning C4244: аргумент: преобразование "double" в "int", возможна потеря данных
C:\Users\Win10Pro\Desktop\ЯП\Calculator\Calculator\Calculator\main.cpp(144,53): warning C4244: аргумент: преобразование "double" в "int", возможна потеря данных
C:\Users\Win10Pro\Desktop\ЯП\Calculator\Calculator\Calculator\main.cpp(145,83): warning C4244: аргумент: преобразование "double" в "int", возможна потеря данных
C:\Users\Win10Pro\Desktop\ЯП\Calculator\Calculator\Calculator\main.cpp(145,53): warning C4244: аргумент: преобразование "double" в "int", возможна потеря данных
C:\Users\Win10Pro\Desktop\ЯП\Calculator\Calculator\Calculator\main.cpp(146,83): warning C4244: аргумент: преобразование "double" в "int", возможна потеря данных
C:\Users\Win10Pro\Desktop\ЯП\Calculator\Calculator\Calculator\main.cpp(146,53): warning C4244: аргумент: преобразование "double" в "int", возможна потеря данных
C:\Users\Win10Pro\Desktop\ЯП\Calculator\Calculator\Calculator\main.cpp(147,84): warning C4244: аргумент: преобразование "double" в "int", возможна потеря данных
C:\Users\Win10Pro\Desktop\ЯП\Calculator\Calculator\Calculator\main.cpp(147,56): warning C4244: аргумент: преобразование "double" в "int", возможна потеря данных
C:\Users\Win10Pro\Desktop\ЯП\Calculator\Calculator\Calculator\main.cpp(149,90): warning C4244: аргумент: преобразование "double" в "int", возможна потеря данных
C:\Users\Win10Pro\Desktop\ЯП\Calculator\Calculator\Calculator\main.cpp(149,60): warning C4244: аргумент: преобразование "double" в "int", возможна потеря данных
C:\Users\Win10Pro\Desktop\ЯП\Calculator\Calculator\Calculator\main.cpp(150,83): warning C4244: аргумент: преобразование "double" в "int", возможна потеря данных
C:\Users\Win10Pro\Desktop\ЯП\Calculator\Calculator\Calculator\main.cpp(150,53): warning C4244: аргумент: преобразование "double" в "int", возможна потеря данных
C:\Users\Win10Pro\Desktop\ЯП\Calculator\Calculator\Calculator\main.cpp(151,83): warning C4244: аргумент: преобразование "double" в "int", возможна потеря данных
C:\Users\Win10Pro\Desktop\ЯП\Calculator\Calculator\Calculator\main.cpp(151,53): warning C4244: аргумент: преобразование "double" в "int", возможна потеря данных
C:\Users\Win10Pro\Desktop\ЯП\Calculator\Calculator\Calculator\main.cpp(152,83): warning C4244: аргумент: преобразование "double" в "int", возможна потеря данных
C:\Users\Win10Pro\Desktop\ЯП\Calculator\Calculator\Calculator\main.cpp(152,53): warning C4244: аргумент: преобразование "double" в "int", возможна потеря данных
C:\Users\Win10Pro\Desktop\ЯП\Calculator\Calculator\Calculator\main.cpp(153,82): warning C4244: аргумент: преобразование "double" в "int", возможна потеря данных
C:\Users\Win10Pro\Desktop\ЯП\Calculator\Calculator\Calculator\main.cpp(153,54): warning C4244: аргумент: преобразование "double" в "int", возможна потеря данных
C:\Users\Win10Pro\Desktop\ЯП\Calculator\Calculator\Calculator\main.cpp(155,89): warning C4244: аргумент: преобразование "double" в "int", возможна потеря данных
C:\Users\Win10Pro\Desktop\ЯП\Calculator\Calculator\Calculator\main.cpp(155,59): warning C4244: аргумент: преобразование "double" в "int", возможна потеря данных
C:\Users\Win10Pro\Desktop\ЯП\Calculator\Calculator\Calculator\main.cpp(156,84): warning C4244: аргумент: преобразование "double" в "int", возможна потеря данных
C:\Users\Win10Pro\Desktop\ЯП\Calculator\Calculator\Calculator\main.cpp(156,54): warning C4244: аргумент: преобразование "double" в "int", возможна потеря данных
C:\Users\Win10Pro\Desktop\ЯП\Calculator\Calculator\Calculator\main.cpp(157,83): warning C4244: аргумент: преобразование "double" в "int", возможна потеря данных
C:\Users\Win10Pro\Desktop\ЯП\Calculator\Calculator\Calculator\main.cpp(157,53): warning C4244: аргумент: преобразование "double" в "int", возможна потеря данных
C:\Users\Win10Pro\Desktop\ЯП\Calculator\Calculator\Calculator\main.cpp(158,94): warning C4244: аргумент: преобразование "double" в "int", возможна потеря данных
C:\Users\Win10Pro\Desktop\ЯП\Calculator\Calculator\Calculator\main.cpp(158,64): warning C4244: аргумент: преобразование "double" в "int", возможна потеря данных
C:\Users\Win10Pro\Desktop\ЯП\Calculator\Calculator\Calculator\main.cpp(159,93): warning C4244: аргумент: преобразование "double" в "int", возможна потеря данных
C:\Users\Win10Pro\Desktop\ЯП\Calculator\Calculator\Calculator\main.cpp(159,65): warning C4244: аргумент: преобразование "double" в "int", возможна потеря данных
C:\Users\Win10Pro\Desktop\ЯП\Calculator\Calculator\Calculator\main.cpp(161,85): warning C4244: аргумент: преобразование "double" в "int", возможна потеря данных
C:\Users\Win10Pro\Desktop\ЯП\Calculator\Calculator\Calculator\main.cpp(161,55): warning C4244: аргумент: преобразование "double" в "int", возможна потеря данных
C:\Users\Win10Pro\Desktop\ЯП\Calculator\Calculator\Calculator\main.cpp(162,85): warning C4244: аргумент: преобразование "double" в "int", возможна потеря данных
C:\Users\Win10Pro\Desktop\ЯП\Calculator\Calculator\Calculator\main.cpp(162,55): warning C4244: аргумент: преобразование "double" в "int", возможна потеря данных
C:\Users\Win10Pro\Desktop\ЯП\Calculator\Calculator\Calculator\main.cpp(163,85): warning C4244: аргумент: преобразование "double" в "int", возможна потеря данных
C:\Users\Win10Pro\Desktop\ЯП\Calculator\Calculator\Calculator\main.cpp(163,55): warning C4244: аргумент: преобразование "double" в "int", возможна потеря данных
C:\Users\Win10Pro\Desktop\ЯП\Calculator\Calculator\Calculator\main.cpp(164,90): warning C4244: аргумент: преобразование "double" в "int", возможна потеря данных
C:\Users\Win10Pro\Desktop\ЯП\Calculator\Calculator\Calculator\main.cpp(164,60): warning C4244: аргумент: преобразование "double" в "int", возможна потеря данных
C:\Users\Win10Pro\Desktop\ЯП\Calculator\Calculator\Calculator\main.cpp(165,86): warning C4244: аргумент: преобразование "double" в "int", возможна потеря данных
C:\Users\Win10Pro\Desktop\ЯП\Calculator\Calculator\Calculator\main.cpp(165,58): warning C4244: аргумент: преобразование "double" в "int", возможна потеря данных
C:\Users\Win10Pro\Desktop\ЯП\Calculator\Calculator\Calculator\main.cpp(167,85): warning C4244: аргумент: преобразование "double" в "int", возможна потеря данных
C:\Users\Win10Pro\Desktop\ЯП\Calculator\Calculator\Calculator\main.cpp(167,55): warning C4244: аргумент: преобразование "double" в "int", возможна потеря данных
C:\Users\Win10Pro\Desktop\ЯП\Calculator\Calculator\Calculator\main.cpp(168,85): warning C4244: аргумент: преобразование "double" в "int", возможна потеря данных
C:\Users\Win10Pro\Desktop\ЯП\Calculator\Calculator\Calculator\main.cpp(168,55): warning C4244: аргумент: преобразование "double" в "int", возможна потеря данных
C:\Users\Win10Pro\Desktop\ЯП\Calculator\Calculator\Calculator\main.cpp(169,85): warning C4244: аргумент: преобразование "double" в "int", возможна потеря данных
C:\Users\Win10Pro\Desktop\ЯП\Calculator\Calculator\Calculator\main.cpp(169,55): warning C4244: аргумент: преобразование "double" в "int", возможна потеря данных
C:\Users\Win10Pro\Desktop\ЯП\Calculator\Calculator\Calculator\main.cpp(170,90): warning C4244: аргумент: преобразование "double" в "int", возможна потеря данных
C:\Users\Win10Pro\Desktop\ЯП\Calculator\Calculator\Calculator\main.cpp(170,60): warning C4244: аргумент: преобразование "double" в "int", возможна потеря данных
C:\Users\Win10Pro\Desktop\ЯП\Calculator\Calculator\Calculator\main.cpp(171,87): warning C4244: аргумент: преобразование "double" в "int", возможна потеря данных
C:\Users\Win10Pro\Desktop\ЯП\Calculator\Calculator\Calculator\main.cpp(171,59): warning C4244: аргумент: преобразование "double" в "int", возможна потеря данных
C:\Users\Win10Pro\Desktop\ЯП\Calculator\Calculator\Calculator\main.cpp(175,105): warning C4244: аргумент: преобразование "double" в "int", возможна потеря данных
C:\Users\Win10Pro\Desktop\ЯП\Calculator\Calculator\Calculator\main.cpp(175,76): warning C4244: аргумент: преобразование "double" в "int", возможна потеря данных
C:\Users\Win10Pro\Desktop\ЯП\Calculator\Calculator\Calculator\main.cpp(175,53): warning C4244: аргумент: преобразование "double" в "int", возможна потеря данных
C:\Users\Win10Pro\Desktop\ЯП\Calculator\Calculator\Calculator\main.cpp(176,109): warning C4244: аргумент: преобразование "double" в "int", возможна потеря данных
C:\Users\Win10Pro\Desktop\ЯП\Calculator\Calculator\Calculator\main.cpp(176,77): warning C4244: аргумент: преобразование "double" в "int", возможна потеря данных
C:\Users\Win10Pro\Desktop\ЯП\Calculator\Calculator\Calculator\main.cpp(176,49): warning C4244: аргумент: преобразование "double" в "int", возможна потеря данных
C:\Users\Win10Pro\Desktop\ЯП\Calculator\Calculator\Calculator\main.cpp(178,90): warning C4244: аргумент: преобразование "double" в "int", возможна потеря данных
C:\Users\Win10Pro\Desktop\ЯП\Calculator\Calculator\Calculator\main.cpp(178,62): warning C4244: аргумент: преобразование "double" в "int", возможна потеря данных
C:\Users\Win10Pro\Desktop\ЯП\Calculator\Calculator\Calculator\main.cpp(179,88): warning C4244: аргумент: преобразование "double" в "int", возможна потеря данных
C:\Users\Win10Pro\Desktop\ЯП\Calculator\Calculator\Calculator\main.cpp(179,60): warning C4244: аргумент: преобразование "double" в "int", возможна потеря данных
C:\Users\Win10Pro\Desktop\ЯП\Calculator\Calculator\Calculator\main.cpp(180,89): warning C4244: аргумент: преобразование "double" в "int", возможна потеря данных
C:\Users\Win10Pro\Desktop\ЯП\Calculator\Calculator\Calculator\main.cpp(180,61): warning C4244: аргумент: преобразование "double" в "int", возможна потеря данных
C:\Users\Win10Pro\Desktop\ЯП\Calculator\Calculator\Calculator\main.cpp(181,92): warning C4244: аргумент: преобразование "double" в "int", возможна потеря данных
C:\Users\Win10Pro\Desktop\ЯП\Calculator\Calculator\Calculator\main.cpp(181,64): warning C4244: аргумент: преобразование "double" в "int", возможна потеря данных
C:\Users\Win10Pro\Desktop\ЯП\Calculator\Calculator\Calculator\main.cpp(182,91): warning C4244: аргумент: преобразование "double" в "int", возможна потеря данных
C:\Users\Win10Pro\Desktop\ЯП\Calculator\Calculator\Calculator\main.cpp(182,63): warning C4244: аргумент: преобразование "double" в "int", возможна потеря данных
C:\Users\Win10Pro\Desktop\ЯП\Calculator\Calculator\Calculator\main.cpp(184,89): warning C4244: аргумент: преобразование "double" в "int", возможна потеря данных
C:\Users\Win10Pro\Desktop\ЯП\Calculator\Calculator\Calculator\main.cpp(184,61): warning C4244: аргумент: преобразование "double" в "int", возможна потеря данных
C:\Users\Win10Pro\Desktop\ЯП\Calculator\Calculator\Calculator\main.cpp(185,85): warning C4244: аргумент: преобразование "double" в "int", возможна потеря данных
C:\Users\Win10Pro\Desktop\ЯП\Calculator\Calculator\Calculator\main.cpp(185,57): warning C4244: аргумент: преобразование "double" в "int", возможна потеря данных
C:\Users\Win10Pro\Desktop\ЯП\Calculator\Calculator\Calculator\main.cpp(186,85): warning C4244: аргумент: преобразование "double" в "int", возможна потеря данных
C:\Users\Win10Pro\Desktop\ЯП\Calculator\Calculator\Calculator\main.cpp(186,57): warning C4244: аргумент: преобразование "double" в "int", возможна потеря данных
C:\Users\Win10Pro\Desktop\ЯП\Calculator\Calculator\Calculator\main.cpp(187,85): warning C4244: аргумент: преобразование "double" в "int", возможна потеря данных
C:\Users\Win10Pro\Desktop\ЯП\Calculator\Calculator\Calculator\main.cpp(187,57): warning C4244: аргумент: преобразование "double" в "int", возможна потеря данных
C:\Users\Win10Pro\Desktop\ЯП\Calculator\Calculator\Calculator\main.cpp(188,86): warning C4244: аргумент: преобразование "double" в "int", возможна потеря данных
C:\Users\Win10Pro\Desktop\ЯП\Calculator\Calculator\Calculator\main.cpp(188,58): warning C4244: аргумент: преобразование "double" в "int", возможна потеря данных
C:\Users\Win10Pro\Desktop\ЯП\Calculator\Calculator\Calculator\main.cpp(190,88): warning C4244: аргумент: преобразование "double" в "int", возможна потеря данных
C:\Users\Win10Pro\Desktop\ЯП\Calculator\Calculator\Calculator\main.cpp(190,60): warning C4244: аргумент: преобразование "double" в "int", возможна потеря данных
C:\Users\Win10Pro\Desktop\ЯП\Calculator\Calculator\Calculator\main.cpp(191,85): warning C4244: аргумент: преобразование "double" в "int", возможна потеря данных
C:\Users\Win10Pro\Desktop\ЯП\Calculator\Calculator\Calculator\main.cpp(191,57): warning C4244: аргумент: преобразование "double" в "int", возможна потеря данных
C:\Users\Win10Pro\Desktop\ЯП\Calculator\Calculator\Calculator\main.cpp(192,85): warning C4244: аргумент: преобразование "double" в "int", возможна потеря данных
C:\Users\Win10Pro\Desktop\ЯП\Calculator\Calculator\Calculator\main.cpp(192,57): warning C4244: аргумент: преобразование "double" в "int", возможна потеря данных
C:\Users\Win10Pro\Desktop\ЯП\Calculator\Calculator\Calculator\main.cpp(193,85): warning C4244: аргумент: преобразование "double" в "int", возможна потеря данных
C:\Users\Win10Pro\Desktop\ЯП\Calculator\Calculator\Calculator\main.cpp(193,57): warning C4244: аргумент: преобразование "double" в "int", возможна потеря данных
C:\Users\Win10Pro\Desktop\ЯП\Calculator\Calculator\Calculator\main.cpp(194,85): warning C4244: аргумент: преобразование "double" в "int", возможна потеря данных
C:\Users\Win10Pro\Desktop\ЯП\Calculator\Calculator\Calculator\main.cpp(194,57): warning C4244: аргумент: преобразование "double" в "int", возможна потеря данных
C:\Users\Win10Pro\Desktop\ЯП\Calculator\Calculator\Calculator\main.cpp(196,87): warning C4244: аргумент: преобразование "double" в "int", возможна потеря данных
C:\Users\Win10Pro\Desktop\ЯП\Calculator\Calculator\Calculator\main.cpp(196,59): warning C4244: аргумент: преобразование "double" в "int", возможна потеря данных
C:\Users\Win10Pro\Desktop\ЯП\Calculator\Calculator\Calculator\main.cpp(197,85): warning C4244: аргумент: преобразование "double" в "int", возможна потеря данных
C:\Users\Win10Pro\Desktop\ЯП\Calculator\Calculator\Calculator\main.cpp(197,57): warning C4244: аргумент: преобразование "double" в "int", возможна потеря данных
C:\Users\Win10Pro\Desktop\ЯП\Calculator\Calculator\Calculator\main.cpp(198,85): warning C4244: аргумент: преобразование "double" в "int", возможна потеря данных
C:\Users\Win10Pro\Desktop\ЯП\Calculator\Calculator\Calculator\main.cpp(198,57): warning C4244: аргумент: преобразование "double" в "int", возможна потеря данных
C:\Users\Win10Pro\Desktop\ЯП\Calculator\Calculator\Calculator\main.cpp(199,85): warning C4244: аргумент: преобразование "double" в "int", возможна потеря данных
C:\Users\Win10Pro\Desktop\ЯП\Calculator\Calculator\Calculator\main.cpp(199,57): warning C4244: аргумент: преобразование "double" в "int", возможна потеря данных
C:\Users\Win10Pro\Desktop\ЯП\Calculator\Calculator\Calculator\main.cpp(200,96): warning C4244: аргумент: преобразование "double" в "int", возможна потеря данных
C:\Users\Win10Pro\Desktop\ЯП\Calculator\Calculator\Calculator\main.cpp(200,68): warning C4244: аргумент: преобразование "double" в "int", возможна потеря данных
C:\Users\Win10Pro\Desktop\ЯП\Calculator\Calculator\Calculator\main.cpp(202,85): warning C4244: аргумент: преобразование "double" в "int", возможна потеря данных
C:\Users\Win10Pro\Desktop\ЯП\Calculator\Calculator\Calculator\main.cpp(202,57): warning C4244: аргумент: преобразование "double" в "int", возможна потеря данных
C:\Users\Win10Pro\Desktop\ЯП\Calculator\Calculator\Calculator\main.cpp(203,85): warning C4244: аргумент: преобразование "double" в "int", возможна потеря данных
C:\Users\Win10Pro\Desktop\ЯП\Calculator\Calculator\Calculator\main.cpp(203,57): warning C4244: аргумент: преобразование "double" в "int", возможна потеря данных
C:\Users\Win10Pro\Desktop\ЯП\Calculator\Calculator\Calculator\main.cpp(204,85): warning C4244: аргумент: преобразование "double" в "int", возможна потеря данных
C:\Users\Win10Pro\Desktop\ЯП\Calculator\Calculator\Calculator\main.cpp(204,57): warning C4244: аргумент: преобразование "double" в "int", возможна потеря данных
C:\Users\Win10Pro\Desktop\ЯП\Calculator\Calculator\Calculator\main.cpp(205,87): warning C4244: аргумент: преобразование "double" в "int", возможна потеря данных
C:\Users\Win10Pro\Desktop\ЯП\Calculator\Calculator\Calculator\main.cpp(205,59): warning C4244: аргумент: преобразование "double" в "int", возможна потеря данных
C:\Users\Win10Pro\Desktop\ЯП\Calculator\Calculator\Calculator\main.cpp(206,87): warning C4244: аргумент: преобразование "double" в "int", возможна потеря данных
C:\Users\Win10Pro\Desktop\ЯП\Calculator\Calculator\Calculator\main.cpp(206,59): warning C4244: аргумент: преобразование "double" в "int", возможна потеря данных
C:\Users\Win10Pro\Desktop\ЯП\Calculator\Calculator\Calculator\main.cpp(208,85): warning C4244: аргумент: преобразование "double" в "int", возможна потеря данных
C:\Users\Win10Pro\Desktop\ЯП\Calculator\Calculator\Calculator\main.cpp(208,57): warning C4244: аргумент: преобразование "double" в "int", возможна потеря данных
C:\Users\Win10Pro\Desktop\ЯП\Calculator\Calculator\Calculator\main.cpp(209,84): warning C4244: аргумент: преобразование "double" в "int", возможна потеря данных
C:\Users\Win10Pro\Desktop\ЯП\Calculator\Calculator\Calculator\main.cpp(209,56): warning C4244: аргумент: преобразование "double" в "int", возможна потеря данных
C:\Users\Win10Pro\Desktop\ЯП\Calculator\Calculator\Calculator\main.cpp(210,85): warning C4244: аргумент: преобразование "double" в "int", возможна потеря данных
C:\Users\Win10Pro\Desktop\ЯП\Calculator\Calculator\Calculator\main.cpp(210,57): warning C4244: аргумент: преобразование "double" в "int", возможна потеря данных
C:\Users\Win10Pro\Desktop\ЯП\Calculator\Calculator\Calculator\main.cpp(211,87): warning C4244: аргумент: преобразование "double" в "int", возможна потеря данных
C:\Users\Win10Pro\Desktop\ЯП\Calculator\Calculator\Calculator\main.cpp(211,59): warning C4244: аргумент: преобразование "double" в "int", возможна потеря данных
C:\Users\Win10Pro\Desktop\ЯП\Calculator\Calculator\Calculator\main.cpp(212,87): warning C4244: аргумент: преобразование "double" в "int", возможна потеря данных
C:\Users\Win10Pro\Desktop\ЯП\Calculator\Calculator\Calculator\main.cpp(212,59): warning C4244: аргумент: преобразование "double" в "int", возможна потеря данных
C:\Users\Win10Pro\Desktop\ЯП\Calculator\Calculator\Calculator\main.cpp(214,87): warning C4244: аргумент: преобразование "double" в "int", возможна потеря данных
C:\Users\Win10Pro\Desktop\ЯП\Calculator\Calculator\Calculator\main.cpp(214,59): warning C4244: аргумент: преобразование "double" в "int", возможна потеря данных
C:\Users\Win10Pro\Desktop\ЯП\Calculator\Calculator\Calculator\main.cpp(215,87): warning C4244: аргумент: преобразование "double" в "int", возможна потеря данных
C:\Users\Win10Pro\Desktop\ЯП\Calculator\Calculator\Calculator\main.cpp(215,59): warning C4244: аргумент: преобразование "double" в "int", возможна потеря данных
C:\Users\Win10Pro\Desktop\ЯП\Calculator\Calculator\Calculator\main.cpp(216,87): warning C4244: аргумент: преобразование "double" в "int", возможна потеря данных
C:\Users\Win10Pro\Desktop\ЯП\Calculator\Calculator\Calculator\main.cpp(216,59): warning C4244: аргумент: преобразование "double" в "int", возможна потеря данных
C:\Users\Win10Pro\Desktop\ЯП\Calculator\Calculator\Calculator\main.cpp(217,87): warning C4244: аргумент: преобразование "double" в "int", возможна потеря данных
C:\Users\Win10Pro\Desktop\ЯП\Calculator\Calculator\Calculator\main.cpp(217,59): warning C4244: аргумент: преобразование "double" в "int", возможна потеря данных
C:\Users\Win10Pro\Desktop\ЯП\Calculator\Calculator\Calculator\main.cpp(219,84): warning C4244: аргумент: преобразование "double" в "int", возможна потеря данных
C:\Users\Win10Pro\Desktop\ЯП\Calculator\Calculator\Calculator\main.cpp(219,56): warning C4244: аргумент: преобразование "double" в "int", возможна потеря данных
C:\Users\Win10Pro\Desktop\ЯП\Calculator\Calculator\Calculator\main.cpp(220,84): warning C4244: аргумент: преобразование "double" в "int", возможна потеря данных
C:\Users\Win10Pro\Desktop\ЯП\Calculator\Calculator\Calculator\main.cpp(220,56): warning C4244: аргумент: преобразование "double" в "int", возможна потеря данных
C:\Users\Win10Pro\Desktop\ЯП\Calculator\Calculator\Calculator\main.cpp(221,84): warning C4244: аргумент: преобразование "double" в "int", возможна потеря данных
C:\Users\Win10Pro\Desktop\ЯП\Calculator\Calculator\Calculator\main.cpp(221,56): warning C4244: аргумент: преобразование "double" в "int", возможна потеря данных
C:\Users\Win10Pro\Desktop\ЯП\Calculator\Calculator\Calculator\main.cpp(222,84): warning C4244: аргумент: преобразование "double" в "int", возможна потеря данных
C:\Users\Win10Pro\Desktop\ЯП\Calculator\Calculator\Calculator\main.cpp(222,56): warning C4244: аргумент: преобразование "double" в "int", возможна потеря данных
C:\Users\Win10Pro\Desktop\ЯП\Calculator\Calculator\Calculator\main.cpp(238,85): warning C4244: аргумент: преобразование "double" в "int", возможна потеря данных
C:\Users\Win10Pro\Desktop\ЯП\Calculator\Calculator\Calculator\main.cpp(240,69): warning C4244: аргумент: преобразование "double" в "int", возможна потеря данных
C:\Users\Win10Pro\Desktop\ЯП\Calculator\Calculator\Calculator\main.cpp(240,51): warning C4244: аргумент: преобразование "double" в "int", возможна потеря данных
C:\Users\Win10Pro\Desktop\ЯП\Calculator\Calculator\Calculator\main.cpp(241,66): warning C4244: аргумент: преобразование "double" в "int", возможна потеря данных
C:\Users\Win10Pro\Desktop\ЯП\Calculator\Calculator\Calculator\main.cpp(241,48): warning C4244: аргумент: преобразование "double" в "int", возможна потеря данных
C:\Users\Win10Pro\Desktop\ЯП\Calculator\Calculator\Calculator\main.cpp(242,67): warning C4244: аргумент: преобразование "double" в "int", возможна потеря данных
C:\Users\Win10Pro\Desktop\ЯП\Calculator\Calculator\Calculator\main.cpp(242,49): warning C4244: аргумент: преобразование "double" в "int", возможна потеря данных
C:\Users\Win10Pro\Desktop\ЯП\Calculator\Calculator\Calculator\main.cpp(243,70): warning C4244: аргумент: преобразование "double" в "int", возможна потеря данных
C:\Users\Win10Pro\Desktop\ЯП\Calculator\Calculator\Calculator\main.cpp(243,52): warning C4244: аргумент: преобразование "double" в "int", возможна потеря данных
C:\Users\Win10Pro\Desktop\ЯП\Calculator\Calculator\Calculator\main.cpp(244,69): warning C4244: аргумент: преобразование "double" в "int", возможна потеря данных
C:\Users\Win10Pro\Desktop\ЯП\Calculator\Calculator\Calculator\main.cpp(244,51): warning C4244: аргумент: преобразование "double" в "int", возможна потеря данных
C:\Users\Win10Pro\Desktop\ЯП\Calculator\Calculator\Calculator\main.cpp(245,75): warning C4244: аргумент: преобразование "double" в "int", возможна потеря данных
C:\Users\Win10Pro\Desktop\ЯП\Calculator\Calculator\Calculator\main.cpp(245,57): warning C4244: аргумент: преобразование "double" в "int", возможна потеря данных
C:\Users\Win10Pro\Desktop\ЯП\Calculator\Calculator\Calculator\main.cpp(246,66): warning C4244: аргумент: преобразование "double" в "int", возможна потеря данных
C:\Users\Win10Pro\Desktop\ЯП\Calculator\Calculator\Calculator\main.cpp(246,49): warning C4244: аргумент: преобразование "double" в "int", возможна потеря данных
C:\Users\Win10Pro\Desktop\ЯП\Calculator\Calculator\Calculator\main.cpp(247,62): warning C4244: аргумент: преобразование "double" в "int", возможна потеря данных
C:\Users\Win10Pro\Desktop\ЯП\Calculator\Calculator\Calculator\main.cpp(247,45): warning C4244: аргумент: преобразование "double" в "int", возможна потеря данных
C:\Users\Win10Pro\Desktop\ЯП\Calculator\Calculator\Calculator\main.cpp(248,62): warning C4244: аргумент: преобразование "double" в "int", возможна потеря данных
C:\Users\Win10Pro\Desktop\ЯП\Calculator\Calculator\Calculator\main.cpp(248,45): warning C4244: аргумент: преобразование "double" в "int", возможна потеря данных
C:\Users\Win10Pro\Desktop\ЯП\Calculator\Calculator\Calculator\main.cpp(249,62): warning C4244: аргумент: преобразование "double" в "int", возможна потеря данных
C:\Users\Win10Pro\Desktop\ЯП\Calculator\Calculator\Calculator\main.cpp(249,45): warning C4244: аргумент: преобразование "double" в "int", возможна потеря данных
C:\Users\Win10Pro\Desktop\ЯП\Calculator\Calculator\Calculator\main.cpp(250,63): warning C4244: аргумент: преобразование "double" в "int", возможна потеря данных
C:\Users\Win10Pro\Desktop\ЯП\Calculator\Calculator\Calculator\main.cpp(250,46): warning C4244: аргумент: преобразование "double" в "int", возможна потеря данных
C:\Users\Win10Pro\Desktop\ЯП\Calculator\Calculator\Calculator\main.cpp(251,67): warning C4244: аргумент: преобразование "double" в "int", возможна потеря данных
C:\Users\Win10Pro\Desktop\ЯП\Calculator\Calculator\Calculator\main.cpp(251,50): warning C4244: аргумент: преобразование "double" в "int", возможна потеря данных
C:\Users\Win10Pro\Desktop\ЯП\Calculator\Calculator\Calculator\main.cpp(252,66): warning C4244: аргумент: преобразование "double" в "int", возможна потеря данных
C:\Users\Win10Pro\Desktop\ЯП\Calculator\Calculator\Calculator\main.cpp(252,48): warning C4244: аргумент: преобразование "double" в "int", возможна потеря данных
C:\Users\Win10Pro\Desktop\ЯП\Calculator\Calculator\Calculator\main.cpp(253,63): warning C4244: аргумент: преобразование "double" в "int", возможна потеря данных
C:\Users\Win10Pro\Desktop\ЯП\Calculator\Calculator\Calculator\main.cpp(253,45): warning C4244: аргумент: преобразование "double" в "int", возможна потеря данных
C:\Users\Win10Pro\Desktop\ЯП\Calculator\Calculator\Calculator\main.cpp(254,63): warning C4244: аргумент: преобразование "double" в "int", возможна потеря данных
C:\Users\Win10Pro\Desktop\ЯП\Calculator\Calculator\Calculator\main.cpp(254,45): warning C4244: аргумент: преобразование "double" в "int", возможна потеря данных
C:\Users\Win10Pro\Desktop\ЯП\Calculator\Calculator\Calculator\main.cpp(255,63): warning C4244: аргумент: преобразование "double" в "int", возможна потеря данных
C:\Users\Win10Pro\Desktop\ЯП\Calculator\Calculator\Calculator\main.cpp(255,45): warning C4244: аргумент: преобразование "double" в "int", возможна потеря данных
C:\Users\Win10Pro\Desktop\ЯП\Calculator\Calculator\Calculator\main.cpp(256,63): warning C4244: аргумент: преобразование "double" в "int", возможна потеря данных
C:\Users\Win10Pro\Desktop\ЯП\Calculator\Calculator\Calculator\main.cpp(256,45): warning C4244: аргумент: преобразование "double" в "int", возможна потеря данных
C:\Users\Win10Pro\Desktop\ЯП\Calculator\Calculator\Calculator\main.cpp(257,69): warning C4244: аргумент: преобразование "double" в "int", возможна потеря данных
C:\Users\Win10Pro\Desktop\ЯП\Calculator\Calculator\Calculator\main.cpp(257,51): warning C4244: аргумент: преобразование "double" в "int", возможна потеря данных
C:\Users\Win10Pro\Desktop\ЯП\Calculator\Calculator\Calculator\main.cpp(258,62): warning C4244: аргумент: преобразование "double" в "int", возможна потеря данных
C:\Users\Win10Pro\Desktop\ЯП\Calculator\Calculator\Calculator\main.cpp(259,60): warning C4244: аргумент: преобразование "double" в "int", возможна потеря данных
C:\Users\Win10Pro\Desktop\ЯП\Calculator\Calculator\Calculator\main.cpp(260,60): warning C4244: аргумент: преобразование "double" в "int", возможна потеря данных
C:\Users\Win10Pro\Desktop\ЯП\Calculator\Calculator\Calculator\main.cpp(261,60): warning C4244: аргумент: преобразование "double" в "int", возможна потеря данных
C:\Users\Win10Pro\Desktop\ЯП\Calculator\Calculator\Calculator\main.cpp(262,71): warning C4244: аргумент: преобразование "double" в "int", возможна потеря данных
C:\Users\Win10Pro\Desktop\ЯП\Calculator\Calculator\Calculator\main.cpp(263,66): warning C4244: аргумент: преобразование "double" в "int", возможна потеря данных
C:\Users\Win10Pro\Desktop\ЯП\Calculator\Calculator\Calculator\main.cpp(325,101): warning C4244: аргумент: преобразование "double" в "int", возможна потеря данных
C:\Users\Win10Pro\Desktop\ЯП\Calculator\Calculator\Calculator\main.cpp(325,72): warning C4244: аргумент: преобразование "double" в "int", возможна потеря данных
C:\Users\Win10Pro\Desktop\ЯП\Calculator\Calculator\Calculator\main.cpp(325,49): warning C4244: аргумент: преобразование "double" в "int", возможна потеря данных
C:\Users\Win10Pro\Desktop\ЯП\Calculator\Calculator\Calculator\main.cpp(326,76): warning C4244: аргумент: преобразование "double" в "int", возможна потеря данных
C:\Users\Win10Pro\Desktop\ЯП\Calculator\Calculator\Calculator\main.cpp(326,53): warning C4244: аргумент: преобразование "double" в "int", возможна потеря данных
C:\Users\Win10Pro\Desktop\ЯП\Calculator\Calculator\Calculator\main.cpp(327,89): warning C4244: аргумент: преобразование "double" в "int", возможна потеря данных
C:\Users\Win10Pro\Desktop\ЯП\Calculator\Calculator\Calculator\main.cpp(327,59): warning C4244: аргумент: преобразование "double" в "int", возможна потеря данных
C:\Users\Win10Pro\Desktop\ЯП\Calculator\Calculator\Calculator\main.cpp(328,86): warning C4244: аргумент: преобразование "double" в "int", возможна потеря данных
C:\Users\Win10Pro\Desktop\ЯП\Calculator\Calculator\Calculator\main.cpp(328,56): warning C4244: аргумент: преобразование "double" в "int", возможна потеря данных
C:\Users\Win10Pro\Desktop\ЯП\Calculator\Calculator\Calculator\main.cpp(329,87): warning C4244: аргумент: преобразование "double" в "int", возможна потеря данных
C:\Users\Win10Pro\Desktop\ЯП\Calculator\Calculator\Calculator\main.cpp(329,57): warning C4244: аргумент: преобразование "double" в "int", возможна потеря данных
C:\Users\Win10Pro\Desktop\ЯП\Calculator\Calculator\Calculator\main.cpp(330,90): warning C4244: аргумент: преобразование "double" в "int", возможна потеря данных
C:\Users\Win10Pro\Desktop\ЯП\Calculator\Calculator\Calculator\main.cpp(330,60): warning C4244: аргумент: преобразование "double" в "int", возможна потеря данных
C:\Users\Win10Pro\Desktop\ЯП\Calculator\Calculator\Calculator\main.cpp(331,89): warning C4244: аргумент: преобразование "double" в "int", возможна потеря данных
C:\Users\Win10Pro\Desktop\ЯП\Calculator\Calculator\Calculator\main.cpp(331,59): warning C4244: аргумент: преобразование "double" в "int", возможна потеря данных
C:\Users\Win10Pro\Desktop\ЯП\Calculator\Calculator\Calculator\main.cpp(332,85): warning C4244: аргумент: преобразование "double" в "int", возможна потеря данных
C:\Users\Win10Pro\Desktop\ЯП\Calculator\Calculator\Calculator\main.cpp(332,55): warning C4244: аргумент: преобразование "double" в "int", возможна потеря данных
C:\Users\Win10Pro\Desktop\ЯП\Calculator\Calculator\Calculator\main.cpp(333,93): warning C4244: аргумент: преобразование "double" в "int", возможна потеря данных
C:\Users\Win10Pro\Desktop\ЯП\Calculator\Calculator\Calculator\main.cpp(333,65): warning C4244: аргумент: преобразование "double" в "int", возможна потеря данных
C:\Users\Win10Pro\Desktop\ЯП\Calculator\Calculator\Calculator\main.cpp(334,87): warning C4244: аргумент: преобразование "double" в "int", возможна потеря данных
C:\Users\Win10Pro\Desktop\ЯП\Calculator\Calculator\Calculator\main.cpp(334,57): warning C4244: аргумент: преобразование "double" в "int", возможна потеря данных
C:\Users\Win10Pro\Desktop\ЯП\Calculator\Calculator\Calculator\main.cpp(335,83): warning C4244: аргумент: преобразование "double" в "int", возможна потеря данных
C:\Users\Win10Pro\Desktop\ЯП\Calculator\Calculator\Calculator\main.cpp(335,53): warning C4244: аргумент: преобразование "double" в "int", возможна потеря данных
C:\Users\Win10Pro\Desktop\ЯП\Calculator\Calculator\Calculator\main.cpp(336,83): warning C4244: аргумент: преобразование "double" в "int", возможна потеря данных
C:\Users\Win10Pro\Desktop\ЯП\Calculator\Calculator\Calculator\main.cpp(336,53): warning C4244: аргумент: преобразование "double" в "int", возможна потеря данных
C:\Users\Win10Pro\Desktop\ЯП\Calculator\Calculator\Calculator\main.cpp(337,83): warning C4244: аргумент: преобразование "double" в "int", возможна потеря данных
C:\Users\Win10Pro\Desktop\ЯП\Calculator\Calculator\Calculator\main.cpp(337,53): warning C4244: аргумент: преобразование "double" в "int", возможна потеря данных
C:\Users\Win10Pro\Desktop\ЯП\Calculator\Calculator\Calculator\main.cpp(338,84): warning C4244: аргумент: преобразование "double" в "int", возможна потеря данных
C:\Users\Win10Pro\Desktop\ЯП\Calculator\Calculator\Calculator\main.cpp(338,54): warning C4244: аргумент: преобразование "double" в "int", возможна потеря данных
C:\Users\Win10Pro\Desktop\ЯП\Calculator\Calculator\Calculator\main.cpp(339,85): warning C4244: аргумент: преобразование "double" в "int", возможна потеря данных
C:\Users\Win10Pro\Desktop\ЯП\Calculator\Calculator\Calculator\main.cpp(339,55): warning C4244: аргумент: преобразование "double" в "int", возможна потеря данных
C:\Users\Win10Pro\Desktop\ЯП\Calculator\Calculator\Calculator\main.cpp(340,85): warning C4244: аргумент: преобразование "double" в "int", возможна потеря данных
C:\Users\Win10Pro\Desktop\ЯП\Calculator\Calculator\Calculator\main.cpp(340,55): warning C4244: аргумент: преобразование "double" в "int", возможна потеря данных
C:\Users\Win10Pro\Desktop\ЯП\Calculator\Calculator\Calculator\main.cpp(341,86): warning C4244: аргумент: преобразование "double" в "int", возможна потеря данных
C:\Users\Win10Pro\Desktop\ЯП\Calculator\Calculator\Calculator\main.cpp(341,56): warning C4244: аргумент: преобразование "double" в "int", возможна потеря данных
C:\Users\Win10Pro\Desktop\ЯП\Calculator\Calculator\Calculator\main.cpp(342,84): warning C4244: аргумент: преобразование "double" в "int", возможна потеря данных
C:\Users\Win10Pro\Desktop\ЯП\Calculator\Calculator\Calculator\main.cpp(342,54): warning C4244: аргумент: преобразование "double" в "int", возможна потеря данных
C:\Users\Win10Pro\Desktop\ЯП\Calculator\Calculator\Calculator\main.cpp(343,88): warning C4244: аргумент: преобразование "double" в "int", возможна потеря данных
C:\Users\Win10Pro\Desktop\ЯП\Calculator\Calculator\Calculator\main.cpp(343,60): warning C4244: аргумент: преобразование "double" в "int", возможна потеря данных
C:\Users\Win10Pro\Desktop\ЯП\Calculator\Calculator\Calculator\main.cpp(344,83): warning C4244: аргумент: преобразование "double" в "int", возможна потеря данных
C:\Users\Win10Pro\Desktop\ЯП\Calculator\Calculator\Calculator\main.cpp(344,53): warning C4244: аргумент: преобразование "double" в "int", возможна потеря данных
C:\Users\Win10Pro\Desktop\ЯП\Calculator\Calculator\Calculator\main.cpp(345,83): warning C4244: аргумент: преобразование "double" в "int", возможна потеря данных
C:\Users\Win10Pro\Desktop\ЯП\Calculator\Calculator\Calculator\main.cpp(345,53): warning C4244: аргумент: преобразование "double" в "int", возможна потеря данных
C:\Users\Win10Pro\Desktop\ЯП\Calculator\Calculator\Calculator\main.cpp(346,83): warning C4244: аргумент: преобразование "double" в "int", возможна потеря данных
C:\Users\Win10Pro\Desktop\ЯП\Calculator\Calculator\Calculator\main.cpp(346,53): warning C4244: аргумент: преобразование "double" в "int", возможна потеря данных
C:\Users\Win10Pro\Desktop\ЯП\Calculator\Calculator\Calculator\main.cpp(347,83): warning C4244: аргумент: преобразование "double" в "int", возможна потеря данных
C:\Users\Win10Pro\Desktop\ЯП\Calculator\Calculator\Calculator\main.cpp(347,53): warning C4244: аргумент: преобразование "double" в "int", возможна потеря данных
C:\Users\Win10Pro\Desktop\ЯП\Calculator\Calculator\Calculator\main.cpp(348,85): warning C4244: аргумент: преобразование "double" в "int", возможна потеря данных
C:\Users\Win10Pro\Desktop\ЯП\Calculator\Calculator\Calculator\main.cpp(348,55): warning C4244: аргумент: преобразование "double" в "int", возможна потеря данных
C:\Users\Win10Pro\Desktop\ЯП\Calculator\Calculator\Calculator\main.cpp(349,85): warning C4244: аргумент: преобразование "double" в "int", возможна потеря данных
C:\Users\Win10Pro\Desktop\ЯП\Calculator\Calculator\Calculator\main.cpp(349,55): warning C4244: аргумент: преобразование "double" в "int", возможна потеря данных
C:\Users\Win10Pro\Desktop\ЯП\Calculator\Calculator\Calculator\main.cpp(352,83): warning C4244: аргумент: преобразование "double" в "int", возможна потеря данных
C:\Users\Win10Pro\Desktop\ЯП\Calculator\Calculator\Calculator\main.cpp(352,53): warning C4244: аргумент: преобразование "double" в "int", возможна потеря данных
C:\Users\Win10Pro\Desktop\ЯП\Calculator\Calculator\Calculator\main.cpp(353,83): warning C4244: аргумент: преобразование "double" в "int", возможна потеря данных
C:\Users\Win10Pro\Desktop\ЯП\Calculator\Calculator\Calculator\main.cpp(353,53): warning C4244: аргумент: преобразование "double" в "int", возможна потеря данных
C:\Users\Win10Pro\Desktop\ЯП\Calculator\Calculator\Calculator\main.cpp(354,83): warning C4244: аргумент: преобразование "double" в "int", возможна потеря данных
C:\Users\Win10Pro\Desktop\ЯП\Calculator\Calculator\Calculator\main.cpp(354,53): warning C4244: аргумент: преобразование "double" в "int", возможна потеря данных
C:\Users\Win10Pro\Desktop\ЯП\Calculator\Calculator\Calculator\main.cpp(355,94): warning C4244: аргумент: преобразование "double" в "int", возможна потеря данных
C:\Users\Win10Pro\Desktop\ЯП\Calculator\Calculator\Calculator\main.cpp(355,64): warning C4244: аргумент: преобразование "double" в "int", возможна потеря данных
C:\Users\Win10Pro\Desktop\ЯП\Calculator\Calculator\Calculator\main.cpp(356,90): warning C4244: аргумент: преобразование "double" в "int", возможна потеря данных
C:\Users\Win10Pro\Desktop\ЯП\Calculator\Calculator\Calculator\main.cpp(356,60): warning C4244: аргумент: преобразование "double" в "int", возможна потеря данных
C:\Users\Win10Pro\Desktop\ЯП\Calculator\Calculator\Calculator\main.cpp(357,90): warning C4244: аргумент: преобразование "double" в "int", возможна потеря данных
C:\Users\Win10Pro\Desktop\ЯП\Calculator\Calculator\Calculator\main.cpp(357,60): warning C4244: аргумент: преобразование "double" в "int", возможна потеря данных
C:\Users\Win10Pro\Desktop\ЯП\Calculator\Calculator\Calculator\main.cpp(360,83): warning C4244: аргумент: преобразование "double" в "int", возможна потеря данных
C:\Users\Win10Pro\Desktop\ЯП\Calculator\Calculator\Calculator\main.cpp(360,55): warning C4244: аргумент: преобразование "double" в "int", возможна потеря данных
C:\Users\Win10Pro\Desktop\ЯП\Calculator\Calculator\Calculator\main.cpp(363,84): warning C4244: аргумент: преобразование "double" в "int", возможна потеря данных
C:\Users\Win10Pro\Desktop\ЯП\Calculator\Calculator\Calculator\main.cpp(363,56): warning C4244: аргумент: преобразование "double" в "int", возможна потеря данных
C:\Users\Win10Pro\Desktop\ЯП\Calculator\Calculator\Calculator\main.cpp(364,82): warning C4244: аргумент: преобразование "double" в "int", возможна потеря данных
C:\Users\Win10Pro\Desktop\ЯП\Calculator\Calculator\Calculator\main.cpp(364,54): warning C4244: аргумент: преобразование "double" в "int", возможна потеря данных
C:\Users\Win10Pro\Desktop\ЯП\Calculator\Calculator\Calculator\main.cpp(367,86): warning C4244: аргумент: преобразование "double" в "int", возможна потеря данных
C:\Users\Win10Pro\Desktop\ЯП\Calculator\Calculator\Calculator\main.cpp(367,58): warning C4244: аргумент: преобразование "double" в "int", возможна потеря данных
C:\Users\Win10Pro\Desktop\ЯП\Calculator\Calculator\Calculator\main.cpp(368,87): warning C4244: аргумент: преобразование "double" в "int", возможна потеря данных
C:\Users\Win10Pro\Desktop\ЯП\Calculator\Calculator\Calculator\main.cpp(368,59): warning C4244: аргумент: преобразование "double" в "int", возможна потеря данных
C:\Users\Win10Pro\Desktop\ЯП\Calculator\Calculator\Calculator\main.cpp(403,130): warning C4244: аргумент: преобразование "double" в "int", возможна потеря данных
C:\Users\Win10Pro\Desktop\ЯП\Calculator\Calculator\Calculator\main.cpp(403,107): warning C4244: аргумент: преобразование "double" в "int", возможна потеря данных
C:\Users\Win10Pro\Desktop\ЯП\Calculator\Calculator\Calculator\main.cpp(403,85): warning C4244: аргумент: преобразование "double" в "int", возможна потеря данных
C:\Users\Win10Pro\Desktop\ЯП\Calculator\Calculator\Calculator\main.cpp(403,55): warning C4244: аргумент: преобразование "double" в "int", возможна потеря данных
C:\Users\Win10Pro\Desktop\ЯП\Calculator\Calculator\Calculator\main.cpp(456,106): warning C4244: аргумент: преобразование "double" в "int", возможна потеря данных
C:\Users\Win10Pro\Desktop\ЯП\Calculator\Calculator\Calculator\main.cpp(456,76): warning C4244: аргумент: преобразование "double" в "int", возможна потеря данных
C:\Users\Win10Pro\Desktop\ЯП\Calculator\Calculator\Calculator\main.cpp(456,53): warning C4244: аргумент: преобразование "double" в "int", возможна потеря данных
C:\Users\Win10Pro\Desktop\ЯП\Calculator\Calculator\Calculator\main.cpp(457,109): warning C4244: аргумент: преобразование "double" в "int", возможна потеря данных
C:\Users\Win10Pro\Desktop\ЯП\Calculator\Calculator\Calculator\main.cpp(457,77): warning C4244: аргумент: преобразование "double" в "int", возможна потеря данных
C:\Users\Win10Pro\Desktop\ЯП\Calculator\Calculator\Calculator\main.cpp(457,49): warning C4244: аргумент: преобразование "double" в "int", возможна потеря данных
C:\Users\Win10Pro\Desktop\ЯП\Calculator\Calculator\Calculator\main.cpp(458,84): warning C4244: аргумент: преобразование "double" в "int", возможна потеря данных
C:\Users\Win10Pro\Desktop\ЯП\Calculator\Calculator\Calculator\main.cpp(458,56): warning C4244: аргумент: преобразование "double" в "int", возможна потеря данных
C:\Users\Win10Pro\Desktop\ЯП\Calculator\Calculator\Calculator\main.cpp(459,84): warning C4244: аргумент: преобразование "double" в "int", возможна потеря данных
C:\Users\Win10Pro\Desktop\ЯП\Calculator\Calculator\Calculator\main.cpp(459,56): warning C4244: аргумент: преобразование "double" в "int", возможна потеря данных
C:\Users\Win10Pro\Desktop\ЯП\Calculator\Calculator\Calculator\main.cpp(460,84): warning C4244: аргумент: преобразование "double" в "int", возможна потеря данных
C:\Users\Win10Pro\Desktop\ЯП\Calculator\Calculator\Calculator\main.cpp(460,56): warning C4244: аргумент: преобразование "double" в "int", возможна потеря данных
C:\Users\Win10Pro\Desktop\ЯП\Calculator\Calculator\Calculator\main.cpp(461,84): warning C4244: аргумент: преобразование "double" в "int", возможна потеря данных
C:\Users\Win10Pro\Desktop\ЯП\Calculator\Calculator\Calculator\main.cpp(461,56): warning C4244: аргумент: преобразование "double" в "int", возможна потеря данных
C:\Users\Win10Pro\Desktop\ЯП\Calculator\Calculator\Calculator\main.cpp(463,87): warning C4244: аргумент: преобразование "double" в "int", возможна потеря данных
C:\Users\Win10Pro\Desktop\ЯП\Calculator\Calculator\Calculator\main.cpp(463,59): warning C4244: аргумент: преобразование "double" в "int", возможна потеря данных
C:\Users\Win10Pro\Desktop\ЯП\Calculator\Calculator\Calculator\main.cpp(464,91): warning C4244: аргумент: преобразование "double" в "int", возможна потеря данных
C:\Users\Win10Pro\Desktop\ЯП\Calculator\Calculator\Calculator\main.cpp(464,63): warning C4244: аргумент: преобразование "double" в "int", возможна потеря данных
C:\Users\Win10Pro\Desktop\ЯП\Calculator\Calculator\Calculator\main.cpp(465,88): warning C4244: аргумент: преобразование "double" в "int", возможна потеря данных
C:\Users\Win10Pro\Desktop\ЯП\Calculator\Calculator\Calculator\main.cpp(465,60): warning C4244: аргумент: преобразование "double" в "int", возможна потеря данных
C:\Users\Win10Pro\Desktop\ЯП\Calculator\Calculator\Calculator\main.cpp(466,89): warning C4244: аргумент: преобразование "double" в "int", возможна потеря данных
C:\Users\Win10Pro\Desktop\ЯП\Calculator\Calculator\Calculator\main.cpp(466,61): warning C4244: аргумент: преобразование "double" в "int", возможна потеря данных
C:\Users\Win10Pro\Desktop\ЯП\Calculator\Calculator\Calculator\main.cpp(467,92): warning C4244: аргумент: преобразование "double" в "int", возможна потеря данных
C:\Users\Win10Pro\Desktop\ЯП\Calculator\Calculator\Calculator\main.cpp(467,64): warning C4244: аргумент: преобразование "double" в "int", возможна потеря данных
C:\Users\Win10Pro\Desktop\ЯП\Calculator\Calculator\Calculator\main.cpp(468,91): warning C4244: аргумент: преобразование "double" в "int", возможна потеря данных
C:\Users\Win10Pro\Desktop\ЯП\Calculator\Calculator\Calculator\main.cpp(468,63): warning C4244: аргумент: преобразование "double" в "int", возможна потеря данных
C:\Users\Win10Pro\Desktop\ЯП\Calculator\Calculator\Calculator\main.cpp(469,89): warning C4244: аргумент: преобразование "double" в "int", возможна потеря данных
C:\Users\Win10Pro\Desktop\ЯП\Calculator\Calculator\Calculator\main.cpp(469,61): warning C4244: аргумент: преобразование "double" в "int", возможна потеря данных
C:\Users\Win10Pro\Desktop\ЯП\Calculator\Calculator\Calculator\main.cpp(470,85): warning C4244: аргумент: преобразование "double" в "int", возможна потеря данных
C:\Users\Win10Pro\Desktop\ЯП\Calculator\Calculator\Calculator\main.cpp(470,57): warning C4244: аргумент: преобразование "double" в "int", возможна потеря данных
C:\Users\Win10Pro\Desktop\ЯП\Calculator\Calculator\Calculator\main.cpp(471,85): warning C4244: аргумент: преобразование "double" в "int", возможна потеря данных
C:\Users\Win10Pro\Desktop\ЯП\Calculator\Calculator\Calculator\main.cpp(471,57): warning C4244: аргумент: преобразование "double" в "int", возможна потеря данных
C:\Users\Win10Pro\Desktop\ЯП\Calculator\Calculator\Calculator\main.cpp(472,85): warning C4244: аргумент: преобразование "double" в "int", возможна потеря данных
C:\Users\Win10Pro\Desktop\ЯП\Calculator\Calculator\Calculator\main.cpp(472,57): warning C4244: аргумент: преобразование "double" в "int", возможна потеря данных
C:\Users\Win10Pro\Desktop\ЯП\Calculator\Calculator\Calculator\main.cpp(473,86): warning C4244: аргумент: преобразование "double" в "int", возможна потеря данных
C:\Users\Win10Pro\Desktop\ЯП\Calculator\Calculator\Calculator\main.cpp(473,58): warning C4244: аргумент: преобразование "double" в "int", возможна потеря данных
C:\Users\Win10Pro\Desktop\ЯП\Calculator\Calculator\Calculator\main.cpp(474,88): warning C4244: аргумент: преобразование "double" в "int", возможна потеря данных
C:\Users\Win10Pro\Desktop\ЯП\Calculator\Calculator\Calculator\main.cpp(474,60): warning C4244: аргумент: преобразование "double" в "int", возможна потеря данных
C:\Users\Win10Pro\Desktop\ЯП\Calculator\Calculator\Calculator\main.cpp(475,85): warning C4244: аргумент: преобразование "double" в "int", возможна потеря данных
C:\Users\Win10Pro\Desktop\ЯП\Calculator\Calculator\Calculator\main.cpp(475,57): warning C4244: аргумент: преобразование "double" в "int", возможна потеря данных
C:\Users\Win10Pro\Desktop\ЯП\Calculator\Calculator\Calculator\main.cpp(476,85): warning C4244: аргумент: преобразование "double" в "int", возможна потеря данных
C:\Users\Win10Pro\Desktop\ЯП\Calculator\Calculator\Calculator\main.cpp(476,57): warning C4244: аргумент: преобразование "double" в "int", возможна потеря данных
C:\Users\Win10Pro\Desktop\ЯП\Calculator\Calculator\Calculator\main.cpp(477,85): warning C4244: аргумент: преобразование "double" в "int", возможна потеря данных
C:\Users\Win10Pro\Desktop\ЯП\Calculator\Calculator\Calculator\main.cpp(477,57): warning C4244: аргумент: преобразование "double" в "int", возможна потеря данных
C:\Users\Win10Pro\Desktop\ЯП\Calculator\Calculator\Calculator\main.cpp(478,85): warning C4244: аргумент: преобразование "double" в "int", возможна потеря данных
C:\Users\Win10Pro\Desktop\ЯП\Calculator\Calculator\Calculator\main.cpp(478,57): warning C4244: аргумент: преобразование "double" в "int", возможна потеря данных
C:\Users\Win10Pro\Desktop\ЯП\Calculator\Calculator\Calculator\main.cpp(479,87): warning C4244: аргумент: преобразование "double" в "int", возможна потеря данных
C:\Users\Win10Pro\Desktop\ЯП\Calculator\Calculator\Calculator\main.cpp(479,59): warning C4244: аргумент: преобразование "double" в "int", возможна потеря данных
C:\Users\Win10Pro\Desktop\ЯП\Calculator\Calculator\Calculator\main.cpp(480,85): warning C4244: аргумент: преобразование "double" в "int", возможна потеря данных
C:\Users\Win10Pro\Desktop\ЯП\Calculator\Calculator\Calculator\main.cpp(480,57): warning C4244: аргумент: преобразование "double" в "int", возможна потеря данных
C:\Users\Win10Pro\Desktop\ЯП\Calculator\Calculator\Calculator\main.cpp(481,85): warning C4244: аргумент: преобразование "double" в "int", возможна потеря данных
C:\Users\Win10Pro\Desktop\ЯП\Calculator\Calculator\Calculator\main.cpp(481,57): warning C4244: аргумент: преобразование "double" в "int", возможна потеря данных
C:\Users\Win10Pro\Desktop\ЯП\Calculator\Calculator\Calculator\main.cpp(482,85): warning C4244: аргумент: преобразование "double" в "int", возможна потеря данных
C:\Users\Win10Pro\Desktop\ЯП\Calculator\Calculator\Calculator\main.cpp(482,57): warning C4244: аргумент: преобразование "double" в "int", возможна потеря данных
C:\Users\Win10Pro\Desktop\ЯП\Calculator\Calculator\Calculator\main.cpp(483,96): warning C4244: аргумент: преобразование "double" в "int", возможна потеря данных
C:\Users\Win10Pro\Desktop\ЯП\Calculator\Calculator\Calculator\main.cpp(483,68): warning C4244: аргумент: преобразование "double" в "int", возможна потеря данных
C:\Users\Win10Pro\Desktop\ЯП\Calculator\Calculator\Calculator\main.cpp(486,85): warning C4244: аргумент: преобразование "double" в "int", возможна потеря данных
C:\Users\Win10Pro\Desktop\ЯП\Calculator\Calculator\Calculator\main.cpp(486,57): warning C4244: аргумент: преобразование "double" в "int", возможна потеря данных
C:\Users\Win10Pro\Desktop\ЯП\Calculator\Calculator\Calculator\main.cpp(489,85): warning C4244: аргумент: преобразование "double" в "int", возможна потеря данных
C:\Users\Win10Pro\Desktop\ЯП\Calculator\Calculator\Calculator\main.cpp(489,57): warning C4244: аргумент: преобразование "double" в "int", возможна потеря данных
C:\Users\Win10Pro\Desktop\ЯП\Calculator\Calculator\Calculator\main.cpp(492,85): warning C4244: аргумент: преобразование "double" в "int", возможна потеря данных
C:\Users\Win10Pro\Desktop\ЯП\Calculator\Calculator\Calculator\main.cpp(492,57): warning C4244: аргумент: преобразование "double" в "int", возможна потеря данных
C:\Users\Win10Pro\Desktop\ЯП\Calculator\Calculator\Calculator\main.cpp(495,84): warning C4244: аргумент: преобразование "double" в "int", возможна потеря данных
C:\Users\Win10Pro\Desktop\ЯП\Calculator\Calculator\Calculator\main.cpp(495,56): warning C4244: аргумент: преобразование "double" в "int", возможна потеря данных
C:\Users\Win10Pro\Desktop\ЯП\Calculator\Calculator\Calculator\main.cpp(498,85): warning C4244: аргумент: преобразование "double" в "int", возможна потеря данных
C:\Users\Win10Pro\Desktop\ЯП\Calculator\Calculator\Calculator\main.cpp(498,57): warning C4244: аргумент: преобразование "double" в "int", возможна потеря данных
C:\Users\Win10Pro\Desktop\ЯП\Calculator\Calculator\Calculator\main.cpp(501,86): warning C4244: аргумент: преобразование "double" в "int", возможна потеря данных
C:\Users\Win10Pro\Desktop\ЯП\Calculator\Calculator\Calculator\main.cpp(501,57): warning C4244: аргумент: преобразование "double" в "int", возможна потеря данных
C:\Users\Win10Pro\Desktop\ЯП\Calculator\Calculator\Calculator\main.cpp(504,87): warning C4244: аргумент: преобразование "double" в "int", возможна потеря данных
C:\Users\Win10Pro\Desktop\ЯП\Calculator\Calculator\Calculator\main.cpp(504,59): warning C4244: аргумент: преобразование "double" в "int", возможна потеря данных
C:\Users\Win10Pro\Desktop\ЯП\Calculator\Calculator\Calculator\main.cpp(507,87): warning C4244: аргумент: преобразование "double" в "int", возможна потеря данных
C:\Users\Win10Pro\Desktop\ЯП\Calculator\Calculator\Calculator\main.cpp(507,59): warning C4244: аргумент: преобразование "double" в "int", возможна потеря данных
C:\Users\Win10Pro\Desktop\ЯП\Calculator\Calculator\Calculator\main.cpp(510,87): warning C4244: аргумент: преобразование "double" в "int", возможна потеря данных
C:\Users\Win10Pro\Desktop\ЯП\Calculator\Calculator\Calculator\main.cpp(510,59): warning C4244: аргумент: преобразование "double" в "int", возможна потеря данных
C:\Users\Win10Pro\Desktop\ЯП\Calculator\Calculator\Calculator\main.cpp(513,87): warning C4244: аргумент: преобразование "double" в "int", возможна потеря данных
C:\Users\Win10Pro\Desktop\ЯП\Calculator\Calculator\Calculator\main.cpp(513,59): warning C4244: аргумент: преобразование "double" в "int", возможна потеря данных
C:\Users\Win10Pro\Desktop\ЯП\Calculator\Calculator\Calculator\main.cpp(516,87): warning C4244: аргумент: преобразование "double" в "int", возможна потеря данных
C:\Users\Win10Pro\Desktop\ЯП\Calculator\Calculator\Calculator\main.cpp(516,59): warning C4244: аргумент: преобразование "double" в "int", возможна потеря данных
C:\Users\Win10Pro\Desktop\ЯП\Calculator\Calculator\Calculator\main.cpp(519,87): warning C4244: аргумент: преобразование "double" в "int", возможна потеря данных
C:\Users\Win10Pro\Desktop\ЯП\Calculator\Calculator\Calculator\main.cpp(519,59): warning C4244: аргумент: преобразование "double" в "int", возможна потеря данных
C:\Users\Win10Pro\Desktop\ЯП\Calculator\Calculator\Calculator\main.cpp(522,87): warning C4244: аргумент: преобразование "double" в "int", возможна потеря данных
C:\Users\Win10Pro\Desktop\ЯП\Calculator\Calculator\Calculator\main.cpp(522,59): warning C4244: аргумент: преобразование "double" в "int", возможна потеря данных
C:\Users\Win10Pro\Desktop\ЯП\Calculator\Calculator\Calculator\main.cpp(749,22): warning C4018: <=: несоответствие типов со знаком и без знака
C:\Users\Win10Pro\Desktop\ЯП\Calculator\Calculator\Calculator\main.cpp(862,11): warning C4244: инициализация: преобразование "double" в "int", возможна потеря данных
C:\Users\Win10Pro\Desktop\ЯП\Calculator\Calculator\Calculator\main.cpp(863,11): warning C4244: инициализация: преобразование "double" в "int", возможна потеря данных
C:\Users\Win10Pro\Desktop\ЯП\Calculator\Calculator\Calculator\main.cpp(884,22): warning C4018: <=: несоответствие типов со знаком и без знака
C:\Users\Win10Pro\Desktop\ЯП\Calculator\Calculator\Calculator\main.cpp(892,22): warning C4018: <=: несоответствие типов со знаком и без знака
C:\Users\Win10Pro\Desktop\ЯП\Calculator\Calculator\Calculator\main.cpp(900,22): warning C4018: <=: несоответствие типов со знаком и без знака
C:\Users\Win10Pro\Desktop\ЯП\Calculator\Calculator\Calculator\main.cpp(909,22): warning C4018: <=: несоответствие типов со знаком и без знака
C:\Users\Win10Pro\Desktop\ЯП\Calculator\Calculator\Calculator\main.cpp(922,22): warning C4018: <=: несоответствие типов со знаком и без знака
C:\Users\Win10Pro\Desktop\ЯП\Calculator\Calculator\Calculator\main.cpp(1335,22): warning C4018: <=: несоответствие типов со знаком и без знака
C:\Users\Win10Pro\Desktop\ЯП\Calculator\Calculator\Calculator\main.cpp(1386,14): warning C4244: аргумент: преобразование "double" в "int", возможна потеря данных
C:\Users\Win10Pro\Desktop\ЯП\Calculator\Calculator\Calculator\main.cpp(1388,20): warning C4244: аргумент: преобразование "double" в "int", возможна потеря данных
  Calculator.vcxproj -> C:\Users\Win10Pro\Desktop\ЯП\Calculator\Calculator\Debug\Calculator.exe
